HHEd -A -D -T 1 -H ./interim_files/hmm9/macros -H ./interim_files/hmm9/hmmdefs -M ./interim_files/hmm10 ./interim_files/mktri.hed ./interim_files/monophones1 

No HTK Configuration Parameters Set

HHEd
 33/33 Models Loaded [5 states max, 1 mixes max]

CL ./interim_files/triphones1
 Cloning current hmms to produce new set

TI T_sil {}
 Tie items
 WARNING [-2631]  ApplyTie: Macro T_sil has nothing to tie of type t in HHEd

TI T_aa {}
 Tie items

TI T_d {}
 Tie items

TI T_rr {}
 Tie items

TI T_ae {}
 Tie items

TI T_s {}
 Tie items

TI T_sp {}
 Tie items
 WARNING [-2631]  ApplyTie: Macro T_sp has nothing to tie of type t in HHEd

TI T_v {}
 Tie items

TI T_a {}
 Tie items

TI T_ss {}
 Tie items

TI T_ii {}
 Tie items

TI T_ll {}
 Tie items

TI T_j {}
 Tie items

TI T_ee {}
 Tie items

TI T_mm {}
 Tie items

TI T_t {}
 Tie items

TI T_z {}
 Tie items

TI T_f {}
 Tie items

TI T_r {}
 Tie items

TI T_n {}
 Tie items

TI T_oo {}
 Tie items

TI T_ay {}
 Tie items

TI T_tt {}
 Tie items

TI T_i {}
 Tie items

TI T_p {}
 Tie items

TI T_g {}
 Tie items

TI T_m {}
 Tie items

TI T_ch {}
 Tie items

TI T_nn {}
 Tie items

TI T_b {}
 Tie items

TI T_yy {}
 Tie items

TI T_ur {}
 Tie items

TI T_h {}
 Tie items

Saving new HMM files ...
Edit Complete

No HTK Configuration Parameters Set

