HERest -A -D -T 1 -T 1 -C ./input_files/config -I ./interim_files/wintri.mlf -t 250.0 150.0 3000.0 -s ./interim_files/stats -S ./interim_files/train.scp -H ./interim_files/hmm13/macros -H ./interim_files/hmm13/hmmdefs -M ./interim_files/hmm14 ./interim_files/tiedlist 

HTK Configuration Parameters[10]
  Module/Tool     Parameter                  Value
#                 NUMCEPS                       12
#                 CEPLIFTER                     22
#                 NUMCHANS                      26
#                 PREEMCOEF               0.970000
#                 USEHAMMING                  TRUE
#                 WINDOWSIZE         250000.000000
#                 SAVEWITHCRC                 TRUE
#                 SAVECOMPRESSED              TRUE
#                 TARGETRATE         100000.000000
#                 TARGETKIND          MFCC_0_D_N_Z

HERest  ML Updating: Transitions Means Variances 

 System is SHARED
114 Logical/38 Physical Models Loaded, VecSize=25
2 MMF input files
Pruning-On[250.0 150.0 3000.0]
 Processing Data: sample1.mfc; Label sample1.lab
 Utterance prob per frame = -4.624840e+01
 Processing Data: sample2.mfc; Label sample2.lab
 Utterance prob per frame = -4.556712e+01
 Processing Data: sample3.mfc; Label sample3.lab
 Utterance prob per frame = -4.474308e+01
 Processing Data: sample4.mfc; Label sample4.lab
 Utterance prob per frame = -4.376241e+01
 Processing Data: sample5.mfc; Label sample5.lab
 Utterance prob per frame = -4.554827e+01
 Processing Data: sample6.mfc; Label sample6.lab
 Utterance prob per frame = -4.237640e+01
 Processing Data: sample7.mfc; Label sample7.lab
 Utterance prob per frame = -4.498853e+01
 Processing Data: sample8.mfc; Label sample8.lab
 Utterance prob per frame = -4.678456e+01
 Processing Data: sample9.mfc; Label sample9.lab
 Utterance prob per frame = -4.702327e+01
 Processing Data: sample10.mfc; Label sample10.lab
 Utterance prob per frame = -4.400599e+01
 Processing Data: sample11.mfc; Label sample11.lab
 Utterance prob per frame = -4.455033e+01
 Processing Data: sample12.mfc; Label sample12.lab
 Utterance prob per frame = -4.735091e+01
 Processing Data: sample13.mfc; Label sample13.lab
 Utterance prob per frame = -4.667611e+01
 Processing Data: sample14.mfc; Label sample14.lab
 Utterance prob per frame = -4.331475e+01
 Processing Data: sample15.mfc; Label sample15.lab
 Utterance prob per frame = -4.201130e+01
 Processing Data: sample16.mfc; Label sample16.lab
 Utterance prob per frame = -4.646883e+01
 Processing Data: sample17.mfc; Label sample17.lab
 Utterance prob per frame = -4.812111e+01
 Processing Data: sample18.mfc; Label sample18.lab
 Utterance prob per frame = -4.520587e+01
 Processing Data: sample19.mfc; Label sample19.lab
 Utterance prob per frame = -4.495426e+01
 Processing Data: sample20.mfc; Label sample20.lab
 Utterance prob per frame = -4.554678e+01
 Processing Data: sample21.mfc; Label sample21.lab
 Utterance prob per frame = -4.636806e+01
 Processing Data: sample22.mfc; Label sample22.lab
 Utterance prob per frame = -4.502482e+01
 Processing Data: sample23.mfc; Label sample23.lab
 Utterance prob per frame = -4.210095e+01
 Processing Data: sample24.mfc; Label sample24.lab
 Utterance prob per frame = -4.448611e+01
 Processing Data: sample25.mfc; Label sample25.lab
 Utterance prob per frame = -4.469831e+01
 Processing Data: sample26.mfc; Label sample26.lab
 Utterance prob per frame = -4.622824e+01
 Processing Data: sample27.mfc; Label sample27.lab
 Utterance prob per frame = -4.636183e+01
 Processing Data: sample28.mfc; Label sample28.lab
 Utterance prob per frame = -4.761411e+01
 Processing Data: sample29.mfc; Label sample29.lab
 Utterance prob per frame = -4.441058e+01
 Processing Data: sample30.mfc; Label sample30.lab
 Utterance prob per frame = -4.488363e+01
 Processing Data: sample31.mfc; Label sample31.lab
 Utterance prob per frame = -4.406321e+01
Saving hmm's to dir ./interim_files/hmm14
Reestimation complete - average log prob per frame = -4.562079e+01
     - total frames seen          = 1.255400e+04

HTK Configuration Parameters[10]
  Module/Tool     Parameter                  Value
                  NUMCEPS                       12
                  CEPLIFTER                     22
                  NUMCHANS                      26
                  PREEMCOEF               0.970000
                  USEHAMMING                  TRUE
                  WINDOWSIZE         250000.000000
                  SAVEWITHCRC                 TRUE
                  SAVECOMPRESSED              TRUE
                  TARGETRATE         100000.000000
                  TARGETKIND          MFCC_0_D_N_Z

