HERest -A -D -T 1 -C ./input_files/config -I ./interim_files/phones0.mlf -t 250.0 150.0 1000.0 -S ./interim_files/train.scp -H ./interim_files/hmm0/macros -H ./interim_files/hmm0/hmmdefs -M ./interim_files/hmm1 ./interim_files/monophones0 

HTK Configuration Parameters[10]
  Module/Tool     Parameter                  Value
#                 NUMCEPS                       12
#                 CEPLIFTER                     22
#                 NUMCHANS                      26
#                 PREEMCOEF               0.970000
#                 USEHAMMING                  TRUE
#                 WINDOWSIZE         250000.000000
#                 SAVEWITHCRC                 TRUE
#                 SAVECOMPRESSED              TRUE
#                 TARGETRATE         100000.000000
#                 TARGETKIND          MFCC_0_D_N_Z

HERest  ML Updating: Transitions Means Variances 

 System is PLAIN
32 Logical/32 Physical Models Loaded, VecSize=25
2 MMF input files
Pruning-On[250.0 150.0 1000.0]
 Processing Data: sample1.mfc; Label sample1.lab
 Utterance prob per frame = -5.857538e+01
 Processing Data: sample2.mfc; Label sample2.lab
 Utterance prob per frame = -5.821783e+01
 Processing Data: sample3.mfc; Label sample3.lab
 Utterance prob per frame = -5.696428e+01
 Processing Data: sample4.mfc; Label sample4.lab
 Utterance prob per frame = -5.786266e+01
 Processing Data: sample5.mfc; Label sample5.lab
 Utterance prob per frame = -5.766960e+01
 Processing Data: sample6.mfc; Label sample6.lab
 Utterance prob per frame = -5.620617e+01
 Processing Data: sample7.mfc; Label sample7.lab
 Utterance prob per frame = -5.700058e+01
 Processing Data: sample8.mfc; Label sample8.lab
 Utterance prob per frame = -5.784282e+01
 Processing Data: sample9.mfc; Label sample9.lab
 Utterance prob per frame = -5.790873e+01
 Processing Data: sample10.mfc; Label sample10.lab
 Utterance prob per frame = -5.689381e+01
 Processing Data: sample11.mfc; Label sample11.lab
 Utterance prob per frame = -5.824182e+01
 Processing Data: sample12.mfc; Label sample12.lab
 Utterance prob per frame = -5.812223e+01
 Processing Data: sample13.mfc; Label sample13.lab
 Utterance prob per frame = -5.834145e+01
 Processing Data: sample14.mfc; Label sample14.lab
 Utterance prob per frame = -5.618215e+01
 Processing Data: sample15.mfc; Label sample15.lab
 Utterance prob per frame = -5.692827e+01
 Processing Data: sample16.mfc; Label sample16.lab
 Utterance prob per frame = -5.907325e+01
 Processing Data: sample17.mfc; Label sample17.lab
 Utterance prob per frame = -5.950724e+01
 Processing Data: sample18.mfc; Label sample18.lab
 Utterance prob per frame = -5.887795e+01
 Processing Data: sample19.mfc; Label sample19.lab
 Utterance prob per frame = -5.846470e+01
 Processing Data: sample20.mfc; Label sample20.lab
 Utterance prob per frame = -5.903896e+01
 Processing Data: sample21.mfc; Label sample21.lab
 Utterance prob per frame = -5.832300e+01
 Processing Data: sample22.mfc; Label sample22.lab
 Utterance prob per frame = -5.828948e+01
 Processing Data: sample23.mfc; Label sample23.lab
 Utterance prob per frame = -5.588849e+01
 Processing Data: sample24.mfc; Label sample24.lab
 Utterance prob per frame = -5.861412e+01
 Processing Data: sample25.mfc; Label sample25.lab
 Utterance prob per frame = -5.774992e+01
 Processing Data: sample26.mfc; Label sample26.lab
 Utterance prob per frame = -5.970007e+01
 Processing Data: sample27.mfc; Label sample27.lab
 Utterance prob per frame = -5.994014e+01
 Processing Data: sample28.mfc; Label sample28.lab
 Utterance prob per frame = -5.985141e+01
 Processing Data: sample29.mfc; Label sample29.lab
 Utterance prob per frame = -5.876475e+01
 Processing Data: sample30.mfc; Label sample30.lab
 Utterance prob per frame = -5.803255e+01
 Processing Data: sample31.mfc; Label sample31.lab
 Utterance prob per frame = -5.789937e+01
Saving hmm's to dir ./interim_files/hmm1
Reestimation complete - average log prob per frame = -5.815844e+01
     - total frames seen          = 1.255400e+04

HTK Configuration Parameters[10]
  Module/Tool     Parameter                  Value
                  NUMCEPS                       12
                  CEPLIFTER                     22
                  NUMCHANS                      26
                  PREEMCOEF               0.970000
                  USEHAMMING                  TRUE
                  WINDOWSIZE         250000.000000
                  SAVEWITHCRC                 TRUE
                  SAVECOMPRESSED              TRUE
                  TARGETRATE         100000.000000
                  TARGETKIND          MFCC_0_D_N_Z

