HERest -A -D -T 1 -C ./input_files/config -I ./interim_files/phones1.mlf -t 250.0 150.0 3000.0 -S ./interim_files/train.scp -H ./interim_files/hmm6/macros -H ./interim_files/hmm6/hmmdefs -M ./interim_files/hmm7 ./interim_files/monophones1 

HTK Configuration Parameters[10]
  Module/Tool     Parameter                  Value
#                 NUMCEPS                       12
#                 CEPLIFTER                     22
#                 NUMCHANS                      26
#                 PREEMCOEF               0.970000
#                 USEHAMMING                  TRUE
#                 WINDOWSIZE         250000.000000
#                 SAVEWITHCRC                 TRUE
#                 SAVECOMPRESSED              TRUE
#                 TARGETRATE         100000.000000
#                 TARGETKIND          MFCC_0_D_N_Z

HERest  ML Updating: Transitions Means Variances 

 System is SHARED
33 Logical/33 Physical Models Loaded, VecSize=25
2 MMF input files
Pruning-On[250.0 150.0 3000.0]
 Processing Data: sample1.mfc; Label sample1.lab
 Utterance prob per frame = -4.731369e+01
 Processing Data: sample2.mfc; Label sample2.lab
 Utterance prob per frame = -4.621132e+01
 Processing Data: sample3.mfc; Label sample3.lab
 Utterance prob per frame = -4.528348e+01
 Processing Data: sample4.mfc; Label sample4.lab
 Utterance prob per frame = -4.434021e+01
 Processing Data: sample5.mfc; Label sample5.lab
 Utterance prob per frame = -4.664714e+01
 Processing Data: sample6.mfc; Label sample6.lab
 Utterance prob per frame = -4.258137e+01
 Processing Data: sample7.mfc; Label sample7.lab
 Utterance prob per frame = -4.594918e+01
 Processing Data: sample8.mfc; Label sample8.lab
 Utterance prob per frame = -4.816839e+01
 Processing Data: sample9.mfc; Label sample9.lab
 Utterance prob per frame = -4.817755e+01
 Processing Data: sample10.mfc; Label sample10.lab
 Utterance prob per frame = -4.463715e+01
 Processing Data: sample11.mfc; Label sample11.lab
 Utterance prob per frame = -4.518809e+01
 Processing Data: sample12.mfc; Label sample12.lab
 Utterance prob per frame = -4.809604e+01
 Processing Data: sample13.mfc; Label sample13.lab
 Utterance prob per frame = -4.878872e+01
 Processing Data: sample14.mfc; Label sample14.lab
 Utterance prob per frame = -4.388914e+01
 Processing Data: sample15.mfc; Label sample15.lab
 Utterance prob per frame = -4.240244e+01
 Processing Data: sample16.mfc; Label sample16.lab
 Utterance prob per frame = -4.725123e+01
 Processing Data: sample17.mfc; Label sample17.lab
 Utterance prob per frame = -4.910139e+01
 Processing Data: sample18.mfc; Label sample18.lab
 Utterance prob per frame = -4.650690e+01
 Processing Data: sample19.mfc; Label sample19.lab
 Utterance prob per frame = -4.580535e+01
 Processing Data: sample20.mfc; Label sample20.lab
 Utterance prob per frame = -4.650260e+01
 Processing Data: sample21.mfc; Label sample21.lab
 Utterance prob per frame = -4.683012e+01
 Processing Data: sample22.mfc; Label sample22.lab
 Utterance prob per frame = -4.565896e+01
 Processing Data: sample23.mfc; Label sample23.lab
 Utterance prob per frame = -4.208244e+01
 Processing Data: sample24.mfc; Label sample24.lab
 Utterance prob per frame = -4.531111e+01
 Processing Data: sample25.mfc; Label sample25.lab
 Utterance prob per frame = -4.510905e+01
 Processing Data: sample26.mfc; Label sample26.lab
 Utterance prob per frame = -4.791450e+01
 Processing Data: sample27.mfc; Label sample27.lab
 Utterance prob per frame = -4.715877e+01
 Processing Data: sample28.mfc; Label sample28.lab
 Utterance prob per frame = -4.835326e+01
 Processing Data: sample29.mfc; Label sample29.lab
 Utterance prob per frame = -4.555075e+01
 Processing Data: sample30.mfc; Label sample30.lab
 Utterance prob per frame = -4.549406e+01
 Processing Data: sample31.mfc; Label sample31.lab
 Utterance prob per frame = -4.455237e+01
Saving hmm's to dir ./interim_files/hmm7
Reestimation complete - average log prob per frame = -4.653120e+01
     - total frames seen          = 1.255400e+04

HTK Configuration Parameters[10]
  Module/Tool     Parameter                  Value
                  NUMCEPS                       12
                  CEPLIFTER                     22
                  NUMCHANS                      26
                  PREEMCOEF               0.970000
                  USEHAMMING                  TRUE
                  WINDOWSIZE         250000.000000
                  SAVEWITHCRC                 TRUE
                  SAVECOMPRESSED              TRUE
                  TARGETRATE         100000.000000
                  TARGETKIND          MFCC_0_D_N_Z

