HERest -A -D -T 1 -C ./input_files/config -I ./interim_files/phones0.mlf -t 250.0 150.0 1000.0 -S ./interim_files/train.scp -H ./interim_files/hmm1/macros -H ./interim_files/hmm1/hmmdefs -M ./interim_files/hmm2 ./interim_files/monophones0 

HTK Configuration Parameters[10]
  Module/Tool     Parameter                  Value
#                 NUMCEPS                       12
#                 CEPLIFTER                     22
#                 NUMCHANS                      26
#                 PREEMCOEF               0.970000
#                 USEHAMMING                  TRUE
#                 WINDOWSIZE         250000.000000
#                 SAVEWITHCRC                 TRUE
#                 SAVECOMPRESSED              TRUE
#                 TARGETRATE         100000.000000
#                 TARGETKIND          MFCC_0_D_N_Z

HERest  ML Updating: Transitions Means Variances 

 System is PLAIN
32 Logical/32 Physical Models Loaded, VecSize=25
2 MMF input files
Pruning-On[250.0 150.0 1000.0]
 Processing Data: sample1.mfc; Label sample1.lab
 Utterance prob per frame = -5.377055e+01
 Processing Data: sample2.mfc; Label sample2.lab
 Utterance prob per frame = -5.340169e+01
 Processing Data: sample3.mfc; Label sample3.lab
 Utterance prob per frame = -5.081200e+01
 Processing Data: sample4.mfc; Label sample4.lab
 Utterance prob per frame = -5.107311e+01
 Processing Data: sample5.mfc; Label sample5.lab
 Utterance prob per frame = -5.511978e+01
 Processing Data: sample6.mfc; Label sample6.lab
 Utterance prob per frame = -4.782732e+01
 Processing Data: sample7.mfc; Label sample7.lab
 Utterance prob per frame = -5.329702e+01
 Processing Data: sample8.mfc; Label sample8.lab
 Utterance prob per frame = -5.512447e+01
 Processing Data: sample9.mfc; Label sample9.lab
 Utterance prob per frame = -5.518904e+01
 Processing Data: sample10.mfc; Label sample10.lab
 Utterance prob per frame = -5.124109e+01
 Processing Data: sample11.mfc; Label sample11.lab
 Utterance prob per frame = -5.249758e+01
 Processing Data: sample12.mfc; Label sample12.lab
 Utterance prob per frame = -5.548908e+01
 Processing Data: sample13.mfc; Label sample13.lab
 Utterance prob per frame = -5.533670e+01
 Processing Data: sample14.mfc; Label sample14.lab
 Utterance prob per frame = -4.948147e+01
 Processing Data: sample15.mfc; Label sample15.lab
 Utterance prob per frame = -4.930667e+01
 Processing Data: sample16.mfc; Label sample16.lab
 Utterance prob per frame = -5.480842e+01
 Processing Data: sample17.mfc; Label sample17.lab
 Utterance prob per frame = -5.632335e+01
 Processing Data: sample18.mfc; Label sample18.lab
 Utterance prob per frame = -5.447015e+01
 Processing Data: sample19.mfc; Label sample19.lab
 Utterance prob per frame = -5.357671e+01
 Processing Data: sample20.mfc; Label sample20.lab
 Utterance prob per frame = -5.345030e+01
 Processing Data: sample21.mfc; Label sample21.lab
 Utterance prob per frame = -5.156346e+01
 Processing Data: sample22.mfc; Label sample22.lab
 Utterance prob per frame = -5.238821e+01
 Processing Data: sample23.mfc; Label sample23.lab
 Utterance prob per frame = -4.756057e+01
 Processing Data: sample24.mfc; Label sample24.lab
 Utterance prob per frame = -5.117193e+01
 Processing Data: sample25.mfc; Label sample25.lab
 Utterance prob per frame = -5.065068e+01
 Processing Data: sample26.mfc; Label sample26.lab
 Utterance prob per frame = -5.401574e+01
 Processing Data: sample27.mfc; Label sample27.lab
 Utterance prob per frame = -5.436855e+01
 Processing Data: sample28.mfc; Label sample28.lab
 Utterance prob per frame = -5.498002e+01
 Processing Data: sample29.mfc; Label sample29.lab
 Utterance prob per frame = -5.221999e+01
 Processing Data: sample30.mfc; Label sample30.lab
 Utterance prob per frame = -5.196955e+01
 Processing Data: sample31.mfc; Label sample31.lab
 Utterance prob per frame = -5.043894e+01
Saving hmm's to dir ./interim_files/hmm2
Reestimation complete - average log prob per frame = -5.343405e+01
     - total frames seen          = 1.255400e+04

HTK Configuration Parameters[10]
  Module/Tool     Parameter                  Value
                  NUMCEPS                       12
                  CEPLIFTER                     22
                  NUMCHANS                      26
                  PREEMCOEF               0.970000
                  USEHAMMING                  TRUE
                  WINDOWSIZE         250000.000000
                  SAVEWITHCRC                 TRUE
                  SAVECOMPRESSED              TRUE
                  TARGETRATE         100000.000000
                  TARGETKIND          MFCC_0_D_N_Z

