HERest -A -D -T 1 -C ./input_files/config -I ./interim_files/aligned.mlf -t 250.0 150.0 3000.0 -S ./interim_files/train.scp -H ./interim_files/hmm8/macros -H ./interim_files/hmm8/hmmdefs -M ./interim_files/hmm9 ./interim_files/monophones1 

HTK Configuration Parameters[10]
  Module/Tool     Parameter                  Value
#                 NUMCEPS                       12
#                 CEPLIFTER                     22
#                 NUMCHANS                      26
#                 PREEMCOEF               0.970000
#                 USEHAMMING                  TRUE
#                 WINDOWSIZE         250000.000000
#                 SAVEWITHCRC                 TRUE
#                 SAVECOMPRESSED              TRUE
#                 TARGETRATE         100000.000000
#                 TARGETKIND          MFCC_0_D_N_Z

HERest  ML Updating: Transitions Means Variances 

 System is SHARED
33 Logical/33 Physical Models Loaded, VecSize=25
2 MMF input files
Pruning-On[250.0 150.0 3000.0]
 Processing Data: sample1.mfc; Label sample1.lab
 Utterance prob per frame = -4.673248e+01
 Processing Data: sample2.mfc; Label sample2.lab
 Utterance prob per frame = -4.571051e+01
 Processing Data: sample3.mfc; Label sample3.lab
 Utterance prob per frame = -4.512207e+01
 Processing Data: sample4.mfc; Label sample4.lab
 Utterance prob per frame = -4.402248e+01
 Processing Data: sample5.mfc; Label sample5.lab
 Utterance prob per frame = -4.615939e+01
 Processing Data: sample6.mfc; Label sample6.lab
 Utterance prob per frame = -4.250093e+01
 Processing Data: sample7.mfc; Label sample7.lab
 Utterance prob per frame = -4.553072e+01
 Processing Data: sample8.mfc; Label sample8.lab
 Utterance prob per frame = -4.734284e+01
 Processing Data: sample9.mfc; Label sample9.lab
 Utterance prob per frame = -4.750284e+01
 Processing Data: sample10.mfc; Label sample10.lab
 Utterance prob per frame = -4.435822e+01
 Processing Data: sample11.mfc; Label sample11.lab
 Utterance prob per frame = -4.481845e+01
 Processing Data: sample12.mfc; Label sample12.lab
 Utterance prob per frame = -4.767799e+01
 Processing Data: sample13.mfc; Label sample13.lab
 Utterance prob per frame = -4.718078e+01
 Processing Data: sample14.mfc; Label sample14.lab
 Utterance prob per frame = -4.371268e+01
 Processing Data: sample15.mfc; Label sample15.lab
 Utterance prob per frame = -4.218948e+01
 Processing Data: sample16.mfc; Label sample16.lab
 Utterance prob per frame = -4.686797e+01
 Processing Data: sample17.mfc; Label sample17.lab
 Utterance prob per frame = -4.876364e+01
 Processing Data: sample18.mfc; Label sample18.lab
 Utterance prob per frame = -4.580165e+01
 Processing Data: sample19.mfc; Label sample19.lab
 Utterance prob per frame = -4.528949e+01
 Processing Data: sample20.mfc; Label sample20.lab
 Utterance prob per frame = -4.582474e+01
 Processing Data: sample21.mfc; Label sample21.lab
 Utterance prob per frame = -4.658511e+01
 Processing Data: sample22.mfc; Label sample22.lab
 Utterance prob per frame = -4.533256e+01
 Processing Data: sample23.mfc; Label sample23.lab
 Utterance prob per frame = -4.214932e+01
 Processing Data: sample24.mfc; Label sample24.lab
 Utterance prob per frame = -4.473037e+01
 Processing Data: sample25.mfc; Label sample25.lab
 Utterance prob per frame = -4.487779e+01
 Processing Data: sample26.mfc; Label sample26.lab
 Utterance prob per frame = -4.673833e+01
 Processing Data: sample27.mfc; Label sample27.lab
 Utterance prob per frame = -4.671660e+01
 Processing Data: sample28.mfc; Label sample28.lab
 Utterance prob per frame = -4.794126e+01
 Processing Data: sample29.mfc; Label sample29.lab
 Utterance prob per frame = -4.498597e+01
 Processing Data: sample30.mfc; Label sample30.lab
 Utterance prob per frame = -4.518534e+01
 Processing Data: sample31.mfc; Label sample31.lab
 Utterance prob per frame = -4.435211e+01
Saving hmm's to dir ./interim_files/hmm9
Reestimation complete - average log prob per frame = -4.602623e+01
     - total frames seen          = 1.255400e+04

HTK Configuration Parameters[10]
  Module/Tool     Parameter                  Value
                  NUMCEPS                       12
                  CEPLIFTER                     22
                  NUMCHANS                      26
                  PREEMCOEF               0.970000
                  USEHAMMING                  TRUE
                  WINDOWSIZE         250000.000000
                  SAVEWITHCRC                 TRUE
                  SAVECOMPRESSED              TRUE
                  TARGETRATE         100000.000000
                  TARGETKIND          MFCC_0_D_N_Z

