HERest -A -D -T 1 -C ./input_files/config -I ./interim_files/wintri.mlf -t 250.0 150.0 3000.0 -S ./interim_files/train.scp -H ./interim_files/hmm10/macros -H ./interim_files/hmm10/hmmdefs -M ./interim_files/hmm11 ./interim_files/triphones1 

HTK Configuration Parameters[10]
  Module/Tool     Parameter                  Value
#                 NUMCEPS                       12
#                 CEPLIFTER                     22
#                 NUMCHANS                      26
#                 PREEMCOEF               0.970000
#                 USEHAMMING                  TRUE
#                 WINDOWSIZE         250000.000000
#                 SAVEWITHCRC                 TRUE
#                 SAVECOMPRESSED              TRUE
#                 TARGETRATE         100000.000000
#                 TARGETKIND          MFCC_0_D_N_Z

HERest  ML Updating: Transitions Means Variances 

 System is SHARED
83 Logical/83 Physical Models Loaded, VecSize=25
2 MMF input files
Pruning-On[250.0 150.0 3000.0]
 Processing Data: sample1.mfc; Label sample1.lab
 Utterance prob per frame = -4.658546e+01
 Processing Data: sample2.mfc; Label sample2.lab
 Utterance prob per frame = -4.568111e+01
 Processing Data: sample3.mfc; Label sample3.lab
 Utterance prob per frame = -4.506953e+01
 Processing Data: sample4.mfc; Label sample4.lab
 Utterance prob per frame = -4.398924e+01
 Processing Data: sample5.mfc; Label sample5.lab
 Utterance prob per frame = -4.607243e+01
 Processing Data: sample6.mfc; Label sample6.lab
 Utterance prob per frame = -4.251544e+01
 Processing Data: sample7.mfc; Label sample7.lab
 Utterance prob per frame = -4.544123e+01
 Processing Data: sample8.mfc; Label sample8.lab
 Utterance prob per frame = -4.717389e+01
 Processing Data: sample9.mfc; Label sample9.lab
 Utterance prob per frame = -4.742006e+01
 Processing Data: sample10.mfc; Label sample10.lab
 Utterance prob per frame = -4.429496e+01
 Processing Data: sample11.mfc; Label sample11.lab
 Utterance prob per frame = -4.477882e+01
 Processing Data: sample12.mfc; Label sample12.lab
 Utterance prob per frame = -4.759879e+01
 Processing Data: sample13.mfc; Label sample13.lab
 Utterance prob per frame = -4.704413e+01
 Processing Data: sample14.mfc; Label sample14.lab
 Utterance prob per frame = -4.366018e+01
 Processing Data: sample15.mfc; Label sample15.lab
 Utterance prob per frame = -4.220532e+01
 Processing Data: sample16.mfc; Label sample16.lab
 Utterance prob per frame = -4.682498e+01
 Processing Data: sample17.mfc; Label sample17.lab
 Utterance prob per frame = -4.863887e+01
 Processing Data: sample18.mfc; Label sample18.lab
 Utterance prob per frame = -4.565142e+01
 Processing Data: sample19.mfc; Label sample19.lab
 Utterance prob per frame = -4.520503e+01
 Processing Data: sample20.mfc; Label sample20.lab
 Utterance prob per frame = -4.575510e+01
 Processing Data: sample21.mfc; Label sample21.lab
 Utterance prob per frame = -4.649049e+01
 Processing Data: sample22.mfc; Label sample22.lab
 Utterance prob per frame = -4.527551e+01
 Processing Data: sample23.mfc; Label sample23.lab
 Utterance prob per frame = -4.217520e+01
 Processing Data: sample24.mfc; Label sample24.lab
 Utterance prob per frame = -4.457958e+01
 Processing Data: sample25.mfc; Label sample25.lab
 Utterance prob per frame = -4.485573e+01
 Processing Data: sample26.mfc; Label sample26.lab
 Utterance prob per frame = -4.662077e+01
 Processing Data: sample27.mfc; Label sample27.lab
 Utterance prob per frame = -4.664020e+01
 Processing Data: sample28.mfc; Label sample28.lab
 Utterance prob per frame = -4.786337e+01
 Processing Data: sample29.mfc; Label sample29.lab
 Utterance prob per frame = -4.487840e+01
 Processing Data: sample30.mfc; Label sample30.lab
 Utterance prob per frame = -4.510666e+01
 Processing Data: sample31.mfc; Label sample31.lab
 Utterance prob per frame = -4.430436e+01
Saving hmm's to dir ./interim_files/hmm11
Reestimation complete - average log prob per frame = -4.594291e+01
     - total frames seen          = 1.255400e+04

HTK Configuration Parameters[10]
  Module/Tool     Parameter                  Value
                  NUMCEPS                       12
                  CEPLIFTER                     22
                  NUMCHANS                      26
                  PREEMCOEF               0.970000
                  USEHAMMING                  TRUE
                  WINDOWSIZE         250000.000000
                  SAVEWITHCRC                 TRUE
                  SAVECOMPRESSED              TRUE
                  TARGETRATE         100000.000000
                  TARGETKIND          MFCC_0_D_N_Z

