HERest -A -D -T 1 -C ./input_files/config -I ./interim_files/wintri.mlf -t 250.0 150.0 3000.0 -s ./interim_files/stats -S ./interim_files/train.scp -H ./interim_files/hmm11/macros -H ./interim_files/hmm11/hmmdefs -M ./interim_files/hmm12 ./interim_files/triphones1 

HTK Configuration Parameters[10]
  Module/Tool     Parameter                  Value
#                 NUMCEPS                       12
#                 CEPLIFTER                     22
#                 NUMCHANS                      26
#                 PREEMCOEF               0.970000
#                 USEHAMMING                  TRUE
#                 WINDOWSIZE         250000.000000
#                 SAVEWITHCRC                 TRUE
#                 SAVECOMPRESSED              TRUE
#                 TARGETRATE         100000.000000
#                 TARGETKIND          MFCC_0_D_N_Z

HERest  ML Updating: Transitions Means Variances 

 System is SHARED
83 Logical/83 Physical Models Loaded, VecSize=25
2 MMF input files
Pruning-On[250.0 150.0 3000.0]
 Processing Data: sample1.mfc; Label sample1.lab
 Utterance prob per frame = -4.353430e+01
 Processing Data: sample2.mfc; Label sample2.lab
 Utterance prob per frame = -4.356835e+01
 Processing Data: sample3.mfc; Label sample3.lab
 Utterance prob per frame = -4.316657e+01
 Processing Data: sample4.mfc; Label sample4.lab
 Utterance prob per frame = -4.234497e+01
 Processing Data: sample5.mfc; Label sample5.lab
 Utterance prob per frame = -4.317313e+01
 Processing Data: sample6.mfc; Label sample6.lab
 Utterance prob per frame = -4.154862e+01
 Processing Data: sample7.mfc; Label sample7.lab
 Utterance prob per frame = -4.298005e+01
 Processing Data: sample8.mfc; Label sample8.lab
 Utterance prob per frame = -4.353845e+01
 Processing Data: sample9.mfc; Label sample9.lab
 Utterance prob per frame = -4.403298e+01
 Processing Data: sample10.mfc; Label sample10.lab
 Utterance prob per frame = -4.198344e+01
 Processing Data: sample11.mfc; Label sample11.lab
 Utterance prob per frame = -4.237705e+01
 Processing Data: sample12.mfc; Label sample12.lab
 Utterance prob per frame = -4.429830e+01
 Processing Data: sample13.mfc; Label sample13.lab
 Utterance prob per frame = -4.385768e+01
 Processing Data: sample14.mfc; Label sample14.lab
 Utterance prob per frame = -4.194685e+01
 Processing Data: sample15.mfc; Label sample15.lab
 Utterance prob per frame = -4.069569e+01
 Processing Data: sample16.mfc; Label sample16.lab
 Utterance prob per frame = -4.414205e+01
 Processing Data: sample17.mfc; Label sample17.lab
 Utterance prob per frame = -4.525978e+01
 Processing Data: sample18.mfc; Label sample18.lab
 Utterance prob per frame = -4.221289e+01
 Processing Data: sample19.mfc; Label sample19.lab
 Utterance prob per frame = -4.265788e+01
 Processing Data: sample20.mfc; Label sample20.lab
 Utterance prob per frame = -4.345754e+01
 Processing Data: sample21.mfc; Label sample21.lab
 Utterance prob per frame = -4.371348e+01
 Processing Data: sample22.mfc; Label sample22.lab
 Utterance prob per frame = -4.221346e+01
 Processing Data: sample23.mfc; Label sample23.lab
 Utterance prob per frame = -4.107625e+01
 Processing Data: sample24.mfc; Label sample24.lab
 Utterance prob per frame = -4.266392e+01
 Processing Data: sample25.mfc; Label sample25.lab
 Utterance prob per frame = -4.381911e+01
 Processing Data: sample26.mfc; Label sample26.lab
 Utterance prob per frame = -4.403177e+01
 Processing Data: sample27.mfc; Label sample27.lab
 Utterance prob per frame = -4.438881e+01
 Processing Data: sample28.mfc; Label sample28.lab
 Utterance prob per frame = -4.411249e+01
 Processing Data: sample29.mfc; Label sample29.lab
 Utterance prob per frame = -4.278632e+01
 Processing Data: sample30.mfc; Label sample30.lab
 Utterance prob per frame = -4.287280e+01
 Processing Data: sample31.mfc; Label sample31.lab
 Utterance prob per frame = -4.179374e+01
Saving hmm's to dir ./interim_files/hmm12
Reestimation complete - average log prob per frame = -4.326543e+01
     - total frames seen          = 1.255400e+04

HTK Configuration Parameters[10]
  Module/Tool     Parameter                  Value
                  NUMCEPS                       12
                  CEPLIFTER                     22
                  NUMCHANS                      26
                  PREEMCOEF               0.970000
                  USEHAMMING                  TRUE
                  WINDOWSIZE         250000.000000
                  SAVEWITHCRC                 TRUE
                  SAVECOMPRESSED              TRUE
                  TARGETRATE         100000.000000
                  TARGETKIND          MFCC_0_D_N_Z

